INFO  12:50:30 Now listening on: http://localhost:5004
INFO  12:50:30 Application started. Press Ctrl+C to shut down.
INFO  12:50:30 Hosting environment: Development
INFO  12:50:30 Content root path: C:\Users\VC\Desktop\Presidio\Genspark-trainings\dotnet-trainings\console-spplications\day24\day24WebAppSln\day24WebApp\
INFO  11:53:05 Now listening on: http://localhost:5004
INFO  11:53:05 Application started. Press Ctrl+C to shut down.
INFO  11:53:05 Hosting environment: Development
INFO  11:53:05 Content root path: C:\Users\VC\Desktop\Presidio\Genspark-trainings\dotnet-trainings\console-spplications\day24\day24WebAppSln\day24WebApp\
INFO  12:03:36 Entity Framework Core 6.0.29 initialized 'RequestTrackerContext' using provider 'Microsoft.EntityFrameworkCore.SqlServer:6.0.29' with options: None
INFO  12:03:37 Executed DbCommand (80ms) [Parameters=[@__key_0='?' (DbType = Int32)], CommandType='Text', CommandTimeout='30']
SELECT TOP(2) [u].[EmployeeId], [u].[Password], [u].[PasswordHashKey], [u].[Status]
FROM [Users] AS [u]
WHERE [u].[EmployeeId] = @__key_0
FATAL 12:03:37 User not authenticated
INFO  12:20:30 Entity Framework Core 6.0.29 initialized 'RequestTrackerContext' using provider 'Microsoft.EntityFrameworkCore.SqlServer:6.0.29' with options: None
INFO  12:20:31 Executed DbCommand (9ms) [Parameters=[@__key_0='?' (DbType = Int32)], CommandType='Text', CommandTimeout='30']
SELECT TOP(2) [u].[EmployeeId], [u].[Password], [u].[PasswordHashKey], [u].[Status]
FROM [Users] AS [u]
WHERE [u].[EmployeeId] = @__key_0
FATAL 12:20:31 User not authenticated
INFO  10:03:49 Now listening on: http://localhost:5004
INFO  10:03:49 Application started. Press Ctrl+C to shut down.
INFO  10:03:49 Hosting environment: Development
INFO  10:03:49 Content root path: C:\Users\VC\Desktop\Presidio\Genspark-trainings\dotnet-trainings\console-spplications\day24\day24WebAppSln\day24WebApp\
INFO  10:14:49 Entity Framework Core 6.0.29 initialized 'RequestTrackerContext' using provider 'Microsoft.EntityFrameworkCore.SqlServer:6.0.29' with options: None
INFO  10:14:50 Executed DbCommand (112ms) [Parameters=[@__key_0='?' (DbType = Int32)], CommandType='Text', CommandTimeout='30']
SELECT TOP(2) [u].[EmployeeId], [u].[Password], [u].[PasswordHashKey], [u].[Status]
FROM [Users] AS [u]
WHERE [u].[EmployeeId] = @__key_0
FATAL 10:14:50 User not authenticated
INFO  10:16:33 Entity Framework Core 6.0.29 initialized 'RequestTrackerContext' using provider 'Microsoft.EntityFrameworkCore.SqlServer:6.0.29' with options: None
INFO  10:16:33 Executed DbCommand (19ms) [Parameters=[@__key_0='?' (DbType = Int32)], CommandType='Text', CommandTimeout='30']
SELECT TOP(2) [u].[EmployeeId], [u].[Password], [u].[PasswordHashKey], [u].[Status]
FROM [Users] AS [u]
WHERE [u].[EmployeeId] = @__key_0
FATAL 10:16:33 User not authenticated
INFO  10:18:22 Entity Framework Core 6.0.29 initialized 'RequestTrackerContext' using provider 'Microsoft.EntityFrameworkCore.SqlServer:6.0.29' with options: None
INFO  10:18:22 Executed DbCommand (3ms) [Parameters=[@__key_0='?' (DbType = Int32)], CommandType='Text', CommandTimeout='30']
SELECT TOP(2) [u].[EmployeeId], [u].[Password], [u].[PasswordHashKey], [u].[Status]
FROM [Users] AS [u]
WHERE [u].[EmployeeId] = @__key_0
FATAL 10:18:22 User not authenticated
INFO  10:19:32 Entity Framework Core 6.0.29 initialized 'RequestTrackerContext' using provider 'Microsoft.EntityFrameworkCore.SqlServer:6.0.29' with options: None
INFO  10:19:32 Executed DbCommand (6ms) [Parameters=[@__key_0='?' (DbType = Int32)], CommandType='Text', CommandTimeout='30']
SELECT TOP(2) [u].[EmployeeId], [u].[Password], [u].[PasswordHashKey], [u].[Status]
FROM [Users] AS [u]
WHERE [u].[EmployeeId] = @__key_0
FATAL 10:19:32 User not authenticated
INFO  10:20:19 Entity Framework Core 6.0.29 initialized 'RequestTrackerContext' using provider 'Microsoft.EntityFrameworkCore.SqlServer:6.0.29' with options: None
INFO  10:20:19 Executed DbCommand (16ms) [Parameters=[@p0='?' (DbType = DateTime2), @p1='?' (Size = 4000), @p2='?' (Size = 4000), @p3='?' (Size = 4000), @p4='?' (Size = 4000)], CommandType='Text', CommandTimeout='30']
SET NOCOUNT ON;
INSERT INTO [Employees] ([DateOfBirth], [Image], [Name], [Phone], [Role])
VALUES (@p0, @p1, @p2, @p3, @p4);
SELECT [Id]
FROM [Employees]
WHERE @@ROWCOUNT = 1 AND [Id] = scope_identity();
INFO  10:20:19 Executed DbCommand (5ms) [Parameters=[@p0='?' (DbType = Int32), @p1='?' (Size = 8000) (DbType = Binary), @p2='?' (Size = 8000) (DbType = Binary), @p3='?' (Size = 4000)], CommandType='Text', CommandTimeout='30']
SET NOCOUNT ON;
INSERT INTO [Users] ([EmployeeId], [Password], [PasswordHashKey], [Status])
VALUES (@p0, @p1, @p2, @p3);
INFO  10:20:49 Entity Framework Core 6.0.29 initialized 'RequestTrackerContext' using provider 'Microsoft.EntityFrameworkCore.SqlServer:6.0.29' with options: None
INFO  10:20:49 Executed DbCommand (4ms) [Parameters=[@__key_0='?' (DbType = Int32)], CommandType='Text', CommandTimeout='30']
SELECT TOP(2) [u].[EmployeeId], [u].[Password], [u].[PasswordHashKey], [u].[Status]
FROM [Users] AS [u]
WHERE [u].[EmployeeId] = @__key_0
INFO  10:20:49 Executed DbCommand (5ms) [Parameters=[@__key_0='?' (DbType = Int32)], CommandType='Text', CommandTimeout='30']
SELECT TOP(1) [e].[Id], [e].[DateOfBirth], [e].[Image], [e].[Name], [e].[Phone], [e].[Role]
FROM [Employees] AS [e]
WHERE [e].[Id] = @__key_0
INFO  10:21:11 Entity Framework Core 6.0.29 initialized 'RequestTrackerContext' using provider 'Microsoft.EntityFrameworkCore.SqlServer:6.0.29' with options: None
INFO  10:21:11 Executed DbCommand (7ms) [Parameters=[@__key_0='?' (DbType = Int32)], CommandType='Text', CommandTimeout='30']
SELECT TOP(2) [u].[EmployeeId], [u].[Password], [u].[PasswordHashKey], [u].[Status]
FROM [Users] AS [u]
WHERE [u].[EmployeeId] = @__key_0
INFO  10:21:11 Executed DbCommand (2ms) [Parameters=[@__key_0='?' (DbType = Int32)], CommandType='Text', CommandTimeout='30']
SELECT TOP(1) [e].[Id], [e].[DateOfBirth], [e].[Image], [e].[Name], [e].[Phone], [e].[Role]
FROM [Employees] AS [e]
WHERE [e].[Id] = @__key_0
INFO  10:23:01 Entity Framework Core 6.0.29 initialized 'RequestTrackerContext' using provider 'Microsoft.EntityFrameworkCore.SqlServer:6.0.29' with options: None
INFO  10:23:01 Executed DbCommand (7ms) [Parameters=[@__key_0='?' (DbType = Int32)], CommandType='Text', CommandTimeout='30']
SELECT TOP(2) [u].[EmployeeId], [u].[Password], [u].[PasswordHashKey], [u].[Status]
FROM [Users] AS [u]
WHERE [u].[EmployeeId] = @__key_0
INFO  10:23:01 Executed DbCommand (4ms) [Parameters=[@__key_0='?' (DbType = Int32)], CommandType='Text', CommandTimeout='30']
SELECT TOP(1) [e].[Id], [e].[DateOfBirth], [e].[Image], [e].[Name], [e].[Phone], [e].[Role]
FROM [Employees] AS [e]
WHERE [e].[Id] = @__key_0
INFO  10:23:43 Entity Framework Core 6.0.29 initialized 'RequestTrackerContext' using provider 'Microsoft.EntityFrameworkCore.SqlServer:6.0.29' with options: None
INFO  10:23:43 Executed DbCommand (5ms) [Parameters=[@__key_0='?' (DbType = Int32)], CommandType='Text', CommandTimeout='30']
SELECT TOP(2) [u].[EmployeeId], [u].[Password], [u].[PasswordHashKey], [u].[Status]
FROM [Users] AS [u]
WHERE [u].[EmployeeId] = @__key_0
INFO  10:23:43 Executed DbCommand (3ms) [Parameters=[@__key_0='?' (DbType = Int32)], CommandType='Text', CommandTimeout='30']
SELECT TOP(1) [e].[Id], [e].[DateOfBirth], [e].[Image], [e].[Name], [e].[Phone], [e].[Role]
FROM [Employees] AS [e]
WHERE [e].[Id] = @__key_0
INFO  10:24:43 Entity Framework Core 6.0.29 initialized 'RequestTrackerContext' using provider 'Microsoft.EntityFrameworkCore.SqlServer:6.0.29' with options: None
INFO  10:24:43 Executed DbCommand (6ms) [Parameters=[@__key_0='?' (DbType = Int32)], CommandType='Text', CommandTimeout='30']
SELECT TOP(2) [u].[EmployeeId], [u].[Password], [u].[PasswordHashKey], [u].[Status]
FROM [Users] AS [u]
WHERE [u].[EmployeeId] = @__key_0
INFO  10:24:43 Executed DbCommand (4ms) [Parameters=[@__key_0='?' (DbType = Int32)], CommandType='Text', CommandTimeout='30']
SELECT TOP(1) [e].[Id], [e].[DateOfBirth], [e].[Image], [e].[Name], [e].[Phone], [e].[Role]
FROM [Employees] AS [e]
WHERE [e].[Id] = @__key_0
INFO  10:39:28 Entity Framework Core 6.0.29 initialized 'RequestTrackerContext' using provider 'Microsoft.EntityFrameworkCore.SqlServer:6.0.29' with options: None
INFO  10:39:28 Executed DbCommand (10ms) [Parameters=[@p0='?' (DbType = DateTime2), @p1='?' (Size = 4000), @p2='?' (Size = 4000), @p3='?' (Size = 4000), @p4='?' (Size = 4000)], CommandType='Text', CommandTimeout='30']
SET NOCOUNT ON;
INSERT INTO [Employees] ([DateOfBirth], [Image], [Name], [Phone], [Role])
VALUES (@p0, @p1, @p2, @p3, @p4);
SELECT [Id]
FROM [Employees]
WHERE @@ROWCOUNT = 1 AND [Id] = scope_identity();
INFO  10:39:28 Executed DbCommand (5ms) [Parameters=[@p0='?' (DbType = Int32), @p1='?' (Size = 8000) (DbType = Binary), @p2='?' (Size = 8000) (DbType = Binary), @p3='?' (Size = 4000)], CommandType='Text', CommandTimeout='30']
SET NOCOUNT ON;
INSERT INTO [Users] ([EmployeeId], [Password], [PasswordHashKey], [Status])
VALUES (@p0, @p1, @p2, @p3);
INFO  10:40:22 Entity Framework Core 6.0.29 initialized 'RequestTrackerContext' using provider 'Microsoft.EntityFrameworkCore.SqlServer:6.0.29' with options: None
INFO  10:40:22 Executed DbCommand (4ms) [Parameters=[@__key_0='?' (DbType = Int32)], CommandType='Text', CommandTimeout='30']
SELECT TOP(2) [u].[EmployeeId], [u].[Password], [u].[PasswordHashKey], [u].[Status]
FROM [Users] AS [u]
WHERE [u].[EmployeeId] = @__key_0
INFO  10:40:22 Executed DbCommand (2ms) [Parameters=[@__key_0='?' (DbType = Int32)], CommandType='Text', CommandTimeout='30']
SELECT TOP(1) [e].[Id], [e].[DateOfBirth], [e].[Image], [e].[Name], [e].[Phone], [e].[Role]
FROM [Employees] AS [e]
WHERE [e].[Id] = @__key_0
INFO  10:42:35 Entity Framework Core 6.0.29 initialized 'RequestTrackerContext' using provider 'Microsoft.EntityFrameworkCore.SqlServer:6.0.29' with options: None
INFO  10:42:35 Executed DbCommand (5ms) [Parameters=[@__key_0='?' (DbType = Int32)], CommandType='Text', CommandTimeout='30']
SELECT TOP(2) [u].[EmployeeId], [u].[Password], [u].[PasswordHashKey], [u].[Status]
FROM [Users] AS [u]
WHERE [u].[EmployeeId] = @__key_0
INFO  10:42:35 Executed DbCommand (3ms) [Parameters=[@__key_0='?' (DbType = Int32)], CommandType='Text', CommandTimeout='30']
SELECT TOP(1) [e].[Id], [e].[DateOfBirth], [e].[Image], [e].[Name], [e].[Phone], [e].[Role]
FROM [Employees] AS [e]
WHERE [e].[Id] = @__key_0
INFO  10:43:50 Now listening on: http://localhost:5004
INFO  10:43:50 Application started. Press Ctrl+C to shut down.
INFO  10:43:50 Hosting environment: Development
INFO  10:43:50 Content root path: C:\Users\VC\Desktop\Presidio\Genspark-trainings\dotnet-trainings\console-spplications\day24\day24WebAppSln\day24WebApp\
INFO  10:51:01 Entity Framework Core 6.0.29 initialized 'RequestTrackerContext' using provider 'Microsoft.EntityFrameworkCore.SqlServer:6.0.29' with options: None
INFO  10:51:03 Executed DbCommand (229ms) [Parameters=[@__key_0='?' (DbType = Int32)], CommandType='Text', CommandTimeout='30']
SELECT TOP(2) [u].[EmployeeId], [u].[Password], [u].[PasswordHashKey], [u].[Status]
FROM [Users] AS [u]
WHERE [u].[EmployeeId] = @__key_0
FATAL 10:51:04 User not authenticated
INFO  10:51:38 Entity Framework Core 6.0.29 initialized 'RequestTrackerContext' using provider 'Microsoft.EntityFrameworkCore.SqlServer:6.0.29' with options: None
INFO  10:51:39 Executed DbCommand (12ms) [Parameters=[@__key_0='?' (DbType = Int32)], CommandType='Text', CommandTimeout='30']
SELECT TOP(2) [u].[EmployeeId], [u].[Password], [u].[PasswordHashKey], [u].[Status]
FROM [Users] AS [u]
WHERE [u].[EmployeeId] = @__key_0
INFO  10:51:39 Executed DbCommand (3ms) [Parameters=[@__key_0='?' (DbType = Int32)], CommandType='Text', CommandTimeout='30']
SELECT TOP(1) [e].[Id], [e].[DateOfBirth], [e].[Image], [e].[Name], [e].[Phone], [e].[Role]
FROM [Employees] AS [e]
WHERE [e].[Id] = @__key_0
INFO  10:52:56 Now listening on: http://localhost:5004
INFO  10:52:56 Application started. Press Ctrl+C to shut down.
INFO  10:52:56 Hosting environment: Development
INFO  10:52:56 Content root path: C:\Users\VC\Desktop\Presidio\Genspark-trainings\dotnet-trainings\console-spplications\day24\day24WebAppSln\day24WebApp\
INFO  10:53:05 Now listening on: http://localhost:5004
INFO  10:53:05 Application started. Press Ctrl+C to shut down.
INFO  10:53:05 Hosting environment: Development
INFO  10:53:05 Content root path: C:\Users\VC\Desktop\Presidio\Genspark-trainings\dotnet-trainings\console-spplications\day24\day24WebAppSln\day24WebApp\
INFO  10:53:46 Entity Framework Core 6.0.29 initialized 'RequestTrackerContext' using provider 'Microsoft.EntityFrameworkCore.SqlServer:6.0.29' with options: None
INFO  10:53:47 Executed DbCommand (98ms) [Parameters=[@p0='?' (DbType = DateTime2), @p1='?' (Size = 4000), @p2='?' (Size = 4000), @p3='?' (Size = 4000), @p4='?' (Size = 4000)], CommandType='Text', CommandTimeout='30']
SET NOCOUNT ON;
INSERT INTO [Employees] ([DateOfBirth], [Image], [Name], [Phone], [Role])
VALUES (@p0, @p1, @p2, @p3, @p4);
SELECT [Id]
FROM [Employees]
WHERE @@ROWCOUNT = 1 AND [Id] = scope_identity();
INFO  10:53:47 Executed DbCommand (8ms) [Parameters=[@p0='?' (DbType = Int32), @p1='?' (Size = 8000) (DbType = Binary), @p2='?' (Size = 8000) (DbType = Binary), @p3='?' (Size = 4000)], CommandType='Text', CommandTimeout='30']
SET NOCOUNT ON;
INSERT INTO [Users] ([EmployeeId], [Password], [PasswordHashKey], [Status])
VALUES (@p0, @p1, @p2, @p3);
INFO  10:54:07 Entity Framework Core 6.0.29 initialized 'RequestTrackerContext' using provider 'Microsoft.EntityFrameworkCore.SqlServer:6.0.29' with options: None
INFO  10:54:07 Executed DbCommand (4ms) [Parameters=[@__key_0='?' (DbType = Int32)], CommandType='Text', CommandTimeout='30']
SELECT TOP(2) [u].[EmployeeId], [u].[Password], [u].[PasswordHashKey], [u].[Status]
FROM [Users] AS [u]
WHERE [u].[EmployeeId] = @__key_0
INFO  10:54:08 Executed DbCommand (3ms) [Parameters=[@__key_0='?' (DbType = Int32)], CommandType='Text', CommandTimeout='30']
SELECT TOP(1) [e].[Id], [e].[DateOfBirth], [e].[Image], [e].[Name], [e].[Phone], [e].[Role]
FROM [Employees] AS [e]
WHERE [e].[Id] = @__key_0
INFO  10:54:20 Entity Framework Core 6.0.29 initialized 'RequestTrackerContext' using provider 'Microsoft.EntityFrameworkCore.SqlServer:6.0.29' with options: None
INFO  10:54:20 Executed DbCommand (3ms) [Parameters=[@__key_0='?' (DbType = Int32)], CommandType='Text', CommandTimeout='30']
SELECT TOP(2) [u].[EmployeeId], [u].[Password], [u].[PasswordHashKey], [u].[Status]
FROM [Users] AS [u]
WHERE [u].[EmployeeId] = @__key_0
INFO  10:54:20 Executed DbCommand (1ms) [Parameters=[@__key_0='?' (DbType = Int32)], CommandType='Text', CommandTimeout='30']
SELECT TOP(1) [e].[Id], [e].[DateOfBirth], [e].[Image], [e].[Name], [e].[Phone], [e].[Role]
FROM [Employees] AS [e]
WHERE [e].[Id] = @__key_0
INFO  10:56:24 Entity Framework Core 6.0.29 initialized 'RequestTrackerContext' using provider 'Microsoft.EntityFrameworkCore.SqlServer:6.0.29' with options: None
INFO  10:56:25 Executed DbCommand (6ms) [Parameters=[@__key_0='?' (DbType = Int32)], CommandType='Text', CommandTimeout='30']
SELECT TOP(2) [u].[EmployeeId], [u].[Password], [u].[PasswordHashKey], [u].[Status]
FROM [Users] AS [u]
WHERE [u].[EmployeeId] = @__key_0
INFO  10:56:25 Executed DbCommand (4ms) [Parameters=[@__key_0='?' (DbType = Int32)], CommandType='Text', CommandTimeout='30']
SELECT TOP(1) [e].[Id], [e].[DateOfBirth], [e].[Image], [e].[Name], [e].[Phone], [e].[Role]
FROM [Employees] AS [e]
WHERE [e].[Id] = @__key_0
INFO  11:57:11 Now listening on: http://localhost:5004
INFO  11:57:11 Application started. Press Ctrl+C to shut down.
INFO  11:57:11 Hosting environment: Development
INFO  11:57:11 Content root path: C:\Users\VC\Desktop\Presidio\Genspark-trainings\dotnet-trainings\console-spplications\day24\day24WebAppSln\day24WebApp\
INFO  11:59:59 Now listening on: http://localhost:5004
INFO  11:59:59 Application started. Press Ctrl+C to shut down.
INFO  11:59:59 Hosting environment: Development
INFO  11:59:59 Content root path: C:\Users\VC\Desktop\Presidio\Genspark-trainings\dotnet-trainings\console-spplications\day24\day24WebAppSln\day24WebApp\
INFO  12:21:21 Entity Framework Core 6.0.29 initialized 'RequestTrackerContext' using provider 'Microsoft.EntityFrameworkCore.SqlServer:6.0.29' with options: None
INFO  12:21:21 Entity Framework Core 6.0.29 initialized 'RequestTrackerContext' using provider 'Microsoft.EntityFrameworkCore.SqlServer:6.0.29' with options: None
INFO  12:21:23 Executed DbCommand (215ms) [Parameters=[@__key_0='?' (DbType = Int32)], CommandType='Text', CommandTimeout='30']
SELECT TOP(1) [e].[Id], [e].[DateOfBirth], [e].[Image], [e].[Name], [e].[Phone], [e].[Role]
FROM [Employees] AS [e]
WHERE [e].[Id] = @__key_0
INFO  12:21:23 Executed DbCommand (215ms) [Parameters=[@__key_0='?' (DbType = Int32)], CommandType='Text', CommandTimeout='30']
SELECT TOP(1) [e].[Id], [e].[DateOfBirth], [e].[Image], [e].[Name], [e].[Phone], [e].[Role]
FROM [Employees] AS [e]
WHERE [e].[Id] = @__key_0
INFO  12:21:23 Entity Framework Core 6.0.29 initialized 'RequestTrackerContext' using provider 'Microsoft.EntityFrameworkCore.SqlServer:6.0.29' with options: None
INFO  12:21:23 Executed DbCommand (6ms) [Parameters=[@__key_0='?' (DbType = Int32)], CommandType='Text', CommandTimeout='30']
SELECT TOP(1) [e].[Id], [e].[DateOfBirth], [e].[Image], [e].[Name], [e].[Phone], [e].[Role]
FROM [Employees] AS [e]
WHERE [e].[Id] = @__key_0
INFO  12:21:23 Executed DbCommand (8ms) [Parameters=[@__key_0='?' (DbType = Int32)], CommandType='Text', CommandTimeout='30']
SELECT TOP(1) [e].[Id], [e].[DateOfBirth], [e].[Image], [e].[Name], [e].[Phone], [e].[Role]
FROM [Employees] AS [e]
WHERE [e].[Id] = @__key_0
INFO  12:21:23 Executed DbCommand (8ms) [Parameters=[@__key_0='?' (DbType = Int32)], CommandType='Text', CommandTimeout='30']
SELECT TOP(1) [e].[Id], [e].[DateOfBirth], [e].[Image], [e].[Name], [e].[Phone], [e].[Role]
FROM [Employees] AS [e]
WHERE [e].[Id] = @__key_0
INFO  12:21:23 Executed DbCommand (8ms) [Parameters=[@__key_0='?' (DbType = Int32)], CommandType='Text', CommandTimeout='30']
SELECT TOP(1) [e].[Id], [e].[DateOfBirth], [e].[Image], [e].[Name], [e].[Phone], [e].[Role]
FROM [Employees] AS [e]
WHERE [e].[Id] = @__key_0
INFO  12:21:24 Executed DbCommand (15ms) [Parameters=[@p5='?' (DbType = Int32), @p0='?' (DbType = DateTime2), @p1='?' (Size = 4000), @p2='?' (Size = 4000), @p3='?' (Size = 4000), @p4='?' (Size = 4000)], CommandType='Text', CommandTimeout='30']
SET NOCOUNT ON;
UPDATE [Employees] SET [DateOfBirth] = @p0, [Image] = @p1, [Name] = @p2, [Phone] = @p3, [Role] = @p4
WHERE [Id] = @p5;
SELECT @@ROWCOUNT;
INFO  12:21:24 Executed DbCommand (65ms) [Parameters=[@p5='?' (DbType = Int32), @p0='?' (DbType = DateTime2), @p1='?' (Size = 4000), @p2='?' (Size = 4000), @p3='?' (Size = 4000), @p4='?' (Size = 4000)], CommandType='Text', CommandTimeout='30']
SET NOCOUNT ON;
UPDATE [Employees] SET [DateOfBirth] = @p0, [Image] = @p1, [Name] = @p2, [Phone] = @p3, [Role] = @p4
WHERE [Id] = @p5;
SELECT @@ROWCOUNT;
INFO  12:21:24 Executed DbCommand (70ms) [Parameters=[@p5='?' (DbType = Int32), @p0='?' (DbType = DateTime2), @p1='?' (Size = 4000), @p2='?' (Size = 4000), @p3='?' (Size = 4000), @p4='?' (Size = 4000)], CommandType='Text', CommandTimeout='30']
SET NOCOUNT ON;
UPDATE [Employees] SET [DateOfBirth] = @p0, [Image] = @p1, [Name] = @p2, [Phone] = @p3, [Role] = @p4
WHERE [Id] = @p5;
SELECT @@ROWCOUNT;
INFO  10:31:40 Entity Framework Core 6.0.29 initialized 'RequestTrackerContext' using provider 'Microsoft.EntityFrameworkCore.SqlServer:6.0.29' with options: None
INFO  10:31:59 Entity Framework Core 6.0.29 initialized 'RequestTrackerContext' using provider 'Microsoft.EntityFrameworkCore.SqlServer:6.0.29' with options: None
